<?xml version="1.0" encoding="UTF-8"?>
<!-- Generated by org.testng.reporters.JUnitReportReporter -->
<testsuite hostname="Diksha" failures="0" tests="3" name="FrameWorkDesign.Tests.SubmitOrderTest" time="29.950" errors="0" timestamp="15 May 2024 13:29:28 GMT" skipped="0">
  <testcase classname="FrameWorkDesign.Tests.SubmitOrderTest" name="verifyOrders" time="3.723"/>
  <testcase classname="FrameWorkDesign.Tests.SubmitOrderTest" name="submitOrder" time="15.330"/>
  <testcase classname="FrameWorkDesign.Tests.SubmitOrderTest" name="submitOrder" time="10.897"/>
</testsuite> <!-- FrameWorkDesign.Tests.SubmitOrderTest -->
