<?xml version="1.0" encoding="UTF-8"?>
<!-- Generated by org.testng.reporters.JUnitReportReporter -->
<testsuite hostname="Diksha" failures="0" tests="2" name="FrameWorkDesign.Tests.ErrorValidation" time="15.772" errors="0" timestamp="15 May 2024 13:29:28 GMT" skipped="0">
  <testcase classname="FrameWorkDesign.Tests.ErrorValidation" name="loginErrorValidation" time="3.628"/>
  <testcase classname="FrameWorkDesign.Tests.ErrorValidation" name="productErrorValidation" time="12.144"/>
</testsuite> <!-- FrameWorkDesign.Tests.ErrorValidation -->
